<?xml version="1.0" encoding="UTF-8"?>
<testng-results skipped="0" failed="0" total="1" passed="1">
  <reporter-output>
  </reporter-output>
  <suite name="Module_6_1 suite" duration-ms="50921" started-at="2015-06-22T13:03:03Z" finished-at="2015-06-22T13:03:54Z">
    <groups>
    </groups>
    <test name="Test1" duration-ms="50921" started-at="2015-06-22T13:03:03Z" finished-at="2015-06-22T13:03:54Z">
      <class name="tests.TestY">
        <test-method status="PASS" signature="init()[pri:0, instance:tests.TestY@73c58197]" name="init" is-config="true" duration-ms="22355" started-at="2015-06-22T10:03:03Z" finished-at="2015-06-22T10:03:26Z">
          <reporter-output>
          </reporter-output>
        </test-method> <!-- init -->
        <test-method status="PASS" signature="testYandex()[pri:0, instance:tests.TestY@73c58197]" name="testYandex" duration-ms="25077" started-at="2015-06-22T10:03:26Z" finished-at="2015-06-22T10:03:51Z">
          <reporter-output>
          </reporter-output>
        </test-method> <!-- testYandex -->
        <test-method status="PASS" signature="cleanup()[pri:0, instance:tests.TestY@73c58197]" name="cleanup" is-config="true" duration-ms="3471" started-at="2015-06-22T10:03:51Z" finished-at="2015-06-22T10:03:54Z">
          <reporter-output>
          </reporter-output>
        </test-method> <!-- cleanup -->
      </class> <!-- tests.TestY -->
    </test> <!-- Test1 -->
  </suite> <!-- Module_6_1 suite -->
</testng-results>
